2023-09-07 03:35:36,103 =============================================================
2023-09-07 03:35:36,103 =============================================================
2023-09-07 03:35:36,103 Today is 2023-09-07 at 03:35 AM
2023-09-07 03:35:36,127 This file is running on: nt Windows 10
2023-09-07 03:35:36,127 The Python version is: 3.11.4
2023-09-07 03:35:36,127 The active conda environment is:  None
2023-09-07 03:35:36,127 The active pip environment is:    None
2023-09-07 03:35:36,127 The active environment path is:   C:\Users\ctrog\AppData\Local\Programs\Python\Python311
2023-09-07 03:35:36,127 The current working directory is: C:\Users\ctrog\OneDrive\Documents\Data Analytics Masters\GIT Hub\datafun-03-datatypes
2023-09-07 03:35:36,127 This source file is in:           C:\Users\ctrog\OneDrive\Documents\Data Analytics Masters\GIT Hub\datafun-03-datatypes
2023-09-07 03:35:36,127 =============================================================
2023-09-07 03:35:36,127 =============================================================
2023-09-07 03:35:36,127 CALLING functions
2023-09-07 03:35:36,127 Points scored: [1, 10, 13, 4, 5, 5, 5, 1, 6, 10, 11, 12, 17, 17, 1, 1, 2, 3, 3, 4, 4, 4, 4, 4, 2, 4, 5, 8, 8, 9, 6, 7, 7, 3, 2, 1, 1, 1, 4, 5, 10, 11]
2023-09-07 03:35:36,127 Range to 10: [1, 2, 3, 4, 5, 6, 7, 8, 9, 10]
2023-09-07 03:35:36,127 Points scored mean:5.738095238095238
2023-09-07 03:35:36,127 Points scored median: 4.5 
2023-09-07 03:35:36,127 Points scored mode: 4
2023-09-07 03:35:36,127 Points scored standard deviation: 4.214142992524125 
2023-09-07 03:35:36,127 Points scored variance: 17.759001161440185
2023-09-07 03:35:36,127 Listx:[1, 2, 3, 4, 5, 6, 7, 8, 9, 10]
2023-09-07 03:35:36,127 Listy:[1, 5, 2, 2, 3, 4, 7, 9, 6, 3]
2023-09-07 03:35:36,127 correlation between x and y: 0.5512459105263765
2023-09-07 03:35:36,127 The equation of the best fit line is: y = 0.46060606060606063x + 1.6666666666666665
2023-09-07 03:35:36,127 We predict that when x = 15, y will be about 8.575757575757576
2023-09-07 03:35:36,127 General information for the following list: [1, 10, 13, 4, 5, 5, 5, 1, 6, 10, 11, 12, 17, 17, 1, 1, 2, 3, 3, 4, 4, 4, 4, 4, 2, 4, 5, 8, 8, 9, 6, 7, 7, 3, 2, 1, 1, 1, 4, 5, 10, 11]
2023-09-07 03:35:36,127 The min of list1 is 1
2023-09-07 03:35:36,127 The msx of list1 is 17
2023-09-07 03:35:36,127 The length of list1 is 42
2023-09-07 03:35:36,127 The total of list1 is 241
2023-09-07 03:35:36,127 The average of list 1 is 5.738095238095238
2023-09-07 03:35:36,127 The set of list1 is {1, 2, 3, 4, 5, 6, 7, 8, 9, 10, 11, 12, 13, 17}
2023-09-07 03:35:36,127 List1 sorted is [1, 1, 1, 1, 1, 1, 1, 2, 2, 2, 3, 3, 3, 4, 4, 4, 4, 4, 4, 4, 4, 5, 5, 5, 5, 5, 6, 6, 7, 7, 8, 8, 9, 10, 10, 10, 11, 11, 12, 13, 17, 17]
2023-09-07 03:35:36,127 List1 sorted and reversed is [17, 17, 13, 12, 11, 11, 10, 10, 10, 9, 8, 8, 7, 7, 6, 6, 5, 5, 5, 5, 5, 4, 4, 4, 4, 4, 4, 4, 4, 3, 3, 3, 2, 2, 2, 1, 1, 1, 1, 1, 1, 1]
